<?xml version="1.0" encoding="UTF-8"?>
<testsuite xmlns:xsi="http://www.w3.org/2001/XMLSchema-instance" xsi:noNamespaceSchemaLocation="https://maven.apache.org/surefire/maven-surefire-plugin/xsd/surefire-test-report-3.0.xsd" version="3.0" name="com.example.demo.MuchosAMuchosApplicationTests" time="4.685" tests="1" errors="0" skipped="0" failures="0">
  <properties>
[...]
</properties>
  <testcase name="contextLoads" classname="com.example.demo.MuchosAMuchosApplicationTests" time="0.437">
    <system-out><![CDATA[09:37:59.047 [main] INFO org.springframework.test.context.support.AnnotationConfigContextLoaderUtils -- Could not detect default configuration classes for test class [com.example.demo.MuchosAMuchosApplicationTests]: MuchosAMuchosApplicationTests does not declare any static, non-private, non-final, nested classes annotated with @Configuration.
09:37:59.131 [main] INFO org.springframework.boot.test.context.SpringBootTestContextBootstrapper -- Found @SpringBootConfiguration com.example.demo.MuchosAMuchosApplication for test class com.example.demo.MuchosAMuchosApplicationTests

  .   ____          _            __ _ _
 /\\ / ___'_ __ _ _(_)_ __  __ _ \ \ \ \
( ( )\___ | '_ | '_| | '_ \/ _` | \ \ \ \
 \\/  ___)| |_)| | | | | || (_| |  ) ) ) )
  '  |____| .__|_| |_|_| |_\__, | / / / /
 =========|_|==============|___/=/_/_/_/
 :: Spring Boot ::                (v3.1.5)

2023-11-22T09:37:59.501+01:00  INFO 6237 --- [           main] c.e.demo.MuchosAMuchosApplicationTests   : Starting MuchosAMuchosApplicationTests using Java 17.0.8.1 with PID 6237 (started by kronos in /home/kronos/Documents/workspace-spring-tool-suite-4-4.20.0.RELEASE/muchos_a_muchos)
2023-11-22T09:37:59.502+01:00  INFO 6237 --- [           main] c.e.demo.MuchosAMuchosApplicationTests   : The following 1 profile is active: "dev"
2023-11-22T09:38:00.023+01:00  INFO 6237 --- [           main] .s.d.r.c.RepositoryConfigurationDelegate : Bootstrapping Spring Data JPA repositories in DEFAULT mode.
2023-11-22T09:38:00.064+01:00  INFO 6237 --- [           main] .s.d.r.c.RepositoryConfigurationDelegate : Finished Spring Data repository scanning in 35 ms. Found 2 JPA repository interfaces.
2023-11-22T09:38:00.464+01:00  INFO 6237 --- [           main] com.zaxxer.hikari.HikariDataSource       : HikariPool-1 - Starting...
2023-11-22T09:38:00.656+01:00  INFO 6237 --- [           main] com.zaxxer.hikari.pool.HikariPool        : HikariPool-1 - Added connection conn0: url=jdbc:h2:mem:testdb user=SA
2023-11-22T09:38:00.658+01:00  INFO 6237 --- [           main] com.zaxxer.hikari.HikariDataSource       : HikariPool-1 - Start completed.
2023-11-22T09:38:00.703+01:00  INFO 6237 --- [           main] o.hibernate.jpa.internal.util.LogHelper  : HHH000204: Processing PersistenceUnitInfo [name: default]
2023-11-22T09:38:00.743+01:00  INFO 6237 --- [           main] org.hibernate.Version                    : HHH000412: Hibernate ORM core version 6.2.13.Final
2023-11-22T09:38:00.745+01:00  INFO 6237 --- [           main] org.hibernate.cfg.Environment            : HHH000406: Using bytecode reflection optimizer
2023-11-22T09:38:00.961+01:00  INFO 6237 --- [           main] o.s.o.j.p.SpringPersistenceUnitInfo      : No LoadTimeWeaver setup: ignoring JPA class transformer
2023-11-22T09:38:01.733+01:00  INFO 6237 --- [           main] o.h.e.t.j.p.i.JtaPlatformInitiator       : HHH000489: No JTA platform available (set 'hibernate.transaction.jta.platform' to enable JTA platform integration)
2023-11-22T09:38:01.775+01:00  INFO 6237 --- [           main] j.LocalContainerEntityManagerFactoryBean : Initialized JPA EntityManagerFactory for persistence unit 'default'
2023-11-22T09:38:02.129+01:00  INFO 6237 --- [           main] o.s.d.j.r.query.QueryEnhancerFactory     : Hibernate is in classpath; If applicable, HQL parser will be used.
2023-11-22T09:38:02.320+01:00  WARN 6237 --- [           main] JpaBaseConfiguration$JpaWebConfiguration : spring.jpa.open-in-view is enabled by default. Therefore, database queries may be performed during view rendering. Explicitly configure spring.jpa.open-in-view to disable this warning
2023-11-22T09:38:02.524+01:00  INFO 6237 --- [           main] o.s.b.a.w.s.WelcomePageHandlerMapping    : Adding welcome page template: index
2023-11-22T09:38:02.668+01:00  INFO 6237 --- [           main] o.s.b.a.h2.H2ConsoleAutoConfiguration    : H2 console available at '/h2'. Database available at 'jdbc:h2:mem:testdb'
2023-11-22T09:38:02.711+01:00  INFO 6237 --- [           main] c.e.demo.MuchosAMuchosApplicationTests   : Started MuchosAMuchosApplicationTests in 3.438 seconds (process running for 4.266)
]]></system-out>
  </testcase>
</testsuite>